MSBuild version 17.14.23+b0019275e for .NET Framework

  cfd_library.vcxproj -> C:\Users\shaia\development\cfd-workspace\cfd\build\lib\Release\cfd_library.lib
  animated_flow_simulation.c
  animated_flow_simulation.vcxproj -> C:\Users\shaia\development\cfd-workspace\cfd\build\Release\animated_flow_simulation.exe
  basic_simulation.c
  basic_simulation.vcxproj -> C:\Users\shaia\development\cfd-workspace\cfd\build\Release\basic_simulation.exe
  csv_data_export.c
  csv_data_export.vcxproj -> C:\Users\shaia\development\cfd-workspace\cfd\build\Release\csv_data_export.exe
  custom_boundary_conditions.c
  custom_boundary_conditions.vcxproj -> C:\Users\shaia\development\cfd-workspace\cfd\build\Release\custom_boundary_conditions.exe
  custom_source_terms.c
  custom_source_terms.vcxproj -> C:\Users\shaia\development\cfd-workspace\cfd\build\Release\custom_source_terms.exe
  minimal_example.c
  minimal_example.vcxproj -> C:\Users\shaia\development\cfd-workspace\cfd\build\Release\minimal_example.exe
  performance_comparison.c
  performance_comparison.vcxproj -> C:\Users\shaia\development\cfd-workspace\cfd\build\Release\performance_comparison.exe
  runtime_comparison.c
  runtime_comparison.vcxproj -> C:\Users\shaia\development\cfd-workspace\cfd\build\Release\runtime_comparison.exe
  simple_animated_flow.c
  simple_animated_flow.vcxproj -> C:\Users\shaia\development\cfd-workspace\cfd\build\Release\simple_animated_flow.exe
  solver_selection.c
C:\Users\shaia\development\cfd-workspace\cfd\examples\solver_selection.c(205,5): error C2065: 'SolverStatus': undeclared identifier [C:\Users\shaia\development\cfd-workspace\cfd\build\solver_selection.vcxproj]
C:\Users\shaia\development\cfd-workspace\cfd\examples\solver_selection.c(205,18): error C2146: syntax error: missing ';' before identifier 'status' [C:\Users\shaia\development\cfd-workspace\cfd\build\solver_selection.vcxproj]
C:\Users\shaia\development\cfd-workspace\cfd\examples\solver_selection.c(205,18): error C2065: 'status': undeclared identifier [C:\Users\shaia\development\cfd-workspace\cfd\build\solver_selection.vcxproj]
C:\Users\shaia\development\cfd-workspace\cfd\examples\solver_selection.c(206,42): error C2065: 'status': undeclared identifier [C:\Users\shaia\development\cfd-workspace\cfd\build\solver_selection.vcxproj]
C:\Users\shaia\development\cfd-workspace\cfd\examples\solver_selection.c(213,9): error C2065: 'status': undeclared identifier [C:\Users\shaia\development\cfd-workspace\cfd\build\solver_selection.vcxproj]
  unity.vcxproj -> C:\Users\shaia\development\cfd-workspace\cfd\build\_deps\unity-build\Release\unity.lib
  test_comprehensive.c
  test_comprehensive.vcxproj -> C:\Users\shaia\development\cfd-workspace\cfd\build\Release\test_comprehensive.exe
  Building Custom Rule C:/Users/shaia/development/cfd-workspace/cfd/CMakeLists.txt
  test_core_functionality.c
  test_core_functionality.vcxproj -> C:\Users\shaia\development\cfd-workspace\cfd\build\Release\test_core_functionality.exe
  test_csv_output.c
C:\Users\shaia\development\cfd-workspace\cfd\tests\io\test_csv_output.c(385,5): warning C4996: 'sscanf': This function or variable may be unsafe. Consider using sscanf_s instead. To disable deprecation, use _CRT_SECURE_NO_WARNINGS. See online help for details. [C:\Users\shaia\development\cfd-workspace\cfd\build\test_csv_output.vcxproj]
  test_csv_output.vcxproj -> C:\Users\shaia\development\cfd-workspace\cfd\build\Release\test_csv_output.exe
  test_decay_prevention.c
  test_decay_prevention.vcxproj -> C:\Users\shaia\development\cfd-workspace\cfd\build\Release\test_decay_prevention.exe
  test_derived_fields.c
  test_derived_fields.vcxproj -> C:\Users\shaia\development\cfd-workspace\cfd\build\Release\test_derived_fields.exe
  test_error_handling.vcxproj -> C:\Users\shaia\development\cfd-workspace\cfd\build\Release\test_error_handling.exe
  test_fixed_comprehensive.c
  test_fixed_comprehensive.vcxproj -> C:\Users\shaia\development\cfd-workspace\cfd\build\Release\test_fixed_comprehensive.exe
  test_output_paths.c
C:\Users\shaia\development\cfd-workspace\cfd\tests\io\test_output_paths.c(208,5): warning C4996: 'strncpy': This function or variable may be unsafe. Consider using strncpy_s instead. To disable deprecation, use _CRT_SECURE_NO_WARNINGS. See online help for details. [C:\Users\shaia\development\cfd-workspace\cfd\build\test_output_paths.vcxproj]
C:\Users\shaia\development\cfd-workspace\cfd\tests\io\test_output_paths.c(210,5): warning C4996: 'strncpy': This function or variable may be unsafe. Consider using strncpy_s instead. To disable deprecation, use _CRT_SECURE_NO_WARNINGS. See online help for details. [C:\Users\shaia\development\cfd-workspace\cfd\build\test_output_paths.vcxproj]
C:\Users\shaia\development\cfd-workspace\cfd\tests\io\test_output_paths.c(212,5): warning C4996: 'strncpy': This function or variable may be unsafe. Consider using strncpy_s instead. To disable deprecation, use _CRT_SECURE_NO_WARNINGS. See online help for details. [C:\Users\shaia\development\cfd-workspace\cfd\build\test_output_paths.vcxproj]
C:\Users\shaia\development\cfd-workspace\cfd\tests\io\test_output_paths.c(214,5): warning C4996: 'strncpy': This function or variable may be unsafe. Consider using strncpy_s instead. To disable deprecation, use _CRT_SECURE_NO_WARNINGS. See online help for details. [C:\Users\shaia\development\cfd-workspace\cfd\build\test_output_paths.vcxproj]
  test_output_paths.vcxproj -> C:\Users\shaia\development\cfd-workspace\cfd\build\Release\test_output_paths.exe
  test_physics_validation.c
  test_physics_validation.vcxproj -> C:\Users\shaia\development\cfd-workspace\cfd\build\Release\test_physics_validation.exe
  test_runner.c
  test_runner.vcxproj -> C:\Users\shaia\development\cfd-workspace\cfd\build\Release\test_runner.exe
  Building Custom Rule C:/Users/shaia/development/cfd-workspace/cfd/CMakeLists.txt
  test_simulation_api.c
  test_simulation_api.vcxproj -> C:\Users\shaia\development\cfd-workspace\cfd\build\Release\test_simulation_api.exe
  test_simulation_basic.c
  test_simulation_basic.vcxproj -> C:\Users\shaia\development\cfd-workspace\cfd\build\Release\test_simulation_basic.exe
  test_solver_basic.c
  test_solver_basic.vcxproj -> C:\Users\shaia\development\cfd-workspace\cfd\build\Release\test_solver_basic.exe
  Building Custom Rule C:/Users/shaia/development/cfd-workspace/cfd/CMakeLists.txt
  test_solver_conservative.c
C:\Users\shaia\development\cfd-workspace\cfd\tests\solvers\test_solver_conservative.c(32,48): warning C4244: 'function': conversion from 'size_t' to 'double', possible loss of data [C:\Users\shaia\development\cfd-workspace\cfd\build\test_solver_conservative.vcxproj]
  test_solver_conservative.vcxproj -> C:\Users\shaia\development\cfd-workspace\cfd\build\Release\test_solver_conservative.exe
  test_solver_consistency.c
  test_solver_consistency.vcxproj -> C:\Users\shaia\development\cfd-workspace\cfd\build\Release\test_solver_consistency.exe
  Building Custom Rule C:/Users/shaia/development/cfd-workspace/cfd/CMakeLists.txt
  test_solver_gpu.c
  test_solver_gpu.vcxproj -> C:\Users\shaia\development\cfd-workspace\cfd\build\Release\test_solver_gpu.exe
  Building Custom Rule C:/Users/shaia/development/cfd-workspace/cfd/CMakeLists.txt
  test_solver_stability.c
  test_solver_stability.vcxproj -> C:\Users\shaia\development\cfd-workspace\cfd\build\Release\test_solver_stability.exe
  test_vtk_output.c
  test_vtk_output.vcxproj -> C:\Users\shaia\development\cfd-workspace\cfd\build\Release\test_vtk_output.exe
  velocity_visualization.c
  velocity_visualization.vcxproj -> C:\Users\shaia\development\cfd-workspace\cfd\build\Release\velocity_visualization.exe
